<?xml version="1.0" encoding="UTF-8"?>
<testsuite xmlns:xsi="http://www.w3.org/2001/XMLSchema-instance" xsi:noNamespaceSchemaLocation="https://maven.apache.org/surefire/maven-surefire-plugin/xsd/surefire-test-report.xsd" name="com.udacity.catpoint.SecurityServiceTest" time="0.396" tests="16" errors="16" skipped="0" failures="0">
  <properties>
    <property name="java.specification.version" value="19"/>
    <property name="sun.cpu.isalist" value="amd64"/>
    <property name="sun.jnu.encoding" value="Cp1252"/>
    <property name="java.class.path" value="F:\Udacity\ProjectUdatcity\UdaSecurity\SecurityService\target\test-classes;F:\Udacity\ProjectUdatcity\UdaSecurity\SecurityService\target\classes;C:\Users\ACER\.m2\repository\com\miglayout\miglayout\3.7.4\miglayout-3.7.4.jar;C:\Users\ACER\.m2\repository\com\google\guava\guava\30.1-jre\guava-30.1-jre.jar;C:\Users\ACER\.m2\repository\com\google\guava\failureaccess\1.0.1\failureaccess-1.0.1.jar;C:\Users\ACER\.m2\repository\com\google\guava\listenablefuture\9999.0-empty-to-avoid-conflict-with-guava\listenablefuture-9999.0-empty-to-avoid-conflict-with-guava.jar;C:\Users\ACER\.m2\repository\com\google\code\findbugs\jsr305\3.0.2\jsr305-3.0.2.jar;C:\Users\ACER\.m2\repository\org\checkerframework\checker-qual\3.5.0\checker-qual-3.5.0.jar;C:\Users\ACER\.m2\repository\com\google\errorprone\error_prone_annotations\2.3.4\error_prone_annotations-2.3.4.jar;C:\Users\ACER\.m2\repository\com\google\j2objc\j2objc-annotations\1.3\j2objc-annotations-1.3.jar;C:\Users\ACER\.m2\repository\com\google\code\gson\gson\2.8.9\gson-2.8.9.jar;C:\Users\ACER\.m2\repository\org\slf4j\slf4j-api\1.7.32\slf4j-api-1.7.32.jar;C:\Users\ACER\.m2\repository\software\amazon\awssdk\aws-json-protocol\2.18.11\aws-json-protocol-2.18.11.jar;C:\Users\ACER\.m2\repository\software\amazon\awssdk\aws-core\2.18.11\aws-core-2.18.11.jar;C:\Users\ACER\.m2\repository\software\amazon\awssdk\endpoints-spi\2.18.11\endpoints-spi-2.18.11.jar;C:\Users\ACER\.m2\repository\software\amazon\awssdk\sdk-core\2.18.11\sdk-core-2.18.11.jar;C:\Users\ACER\.m2\repository\org\reactivestreams\reactive-streams\1.0.3\reactive-streams-1.0.3.jar;C:\Users\ACER\.m2\repository\software\amazon\awssdk\annotations\2.18.11\annotations-2.18.11.jar;C:\Users\ACER\.m2\repository\software\amazon\awssdk\http-client-spi\2.18.11\http-client-spi-2.18.11.jar;C:\Users\ACER\.m2\repository\software\amazon\awssdk\utils\2.18.11\utils-2.18.11.jar;C:\Users\ACER\.m2\repository\software\amazon\awssdk\third-party-jackson-core\2.18.11\third-party-jackson-core-2.18.11.jar;C:\Users\ACER\.m2\repository\software\amazon\awssdk\json-utils\2.18.11\json-utils-2.18.11.jar;C:\Users\ACER\.m2\repository\software\amazon\awssdk\rekognition\2.18.11\rekognition-2.18.11.jar;C:\Users\ACER\.m2\repository\software\amazon\awssdk\metrics-spi\2.18.11\metrics-spi-2.18.11.jar;C:\Users\ACER\.m2\repository\software\amazon\awssdk\apache-client\2.18.11\apache-client-2.18.11.jar;C:\Users\ACER\.m2\repository\org\apache\httpcomponents\httpclient\4.5.13\httpclient-4.5.13.jar;C:\Users\ACER\.m2\repository\commons-logging\commons-logging\1.2\commons-logging-1.2.jar;C:\Users\ACER\.m2\repository\commons-codec\commons-codec\1.11\commons-codec-1.11.jar;C:\Users\ACER\.m2\repository\org\apache\httpcomponents\httpcore\4.4.13\httpcore-4.4.13.jar;C:\Users\ACER\.m2\repository\software\amazon\awssdk\netty-nio-client\2.18.11\netty-nio-client-2.18.11.jar;C:\Users\ACER\.m2\repository\io\netty\netty-codec-http\4.1.77.Final\netty-codec-http-4.1.77.Final.jar;C:\Users\ACER\.m2\repository\io\netty\netty-codec-http2\4.1.77.Final\netty-codec-http2-4.1.77.Final.jar;C:\Users\ACER\.m2\repository\io\netty\netty-codec\4.1.77.Final\netty-codec-4.1.77.Final.jar;C:\Users\ACER\.m2\repository\io\netty\netty-transport\4.1.77.Final\netty-transport-4.1.77.Final.jar;C:\Users\ACER\.m2\repository\io\netty\netty-resolver\4.1.77.Final\netty-resolver-4.1.77.Final.jar;C:\Users\ACER\.m2\repository\io\netty\netty-common\4.1.77.Final\netty-common-4.1.77.Final.jar;C:\Users\ACER\.m2\repository\io\netty\netty-buffer\4.1.77.Final\netty-buffer-4.1.77.Final.jar;C:\Users\ACER\.m2\repository\io\netty\netty-handler\4.1.77.Final\netty-handler-4.1.77.Final.jar;C:\Users\ACER\.m2\repository\io\netty\netty-transport-classes-epoll\4.1.77.Final\netty-transport-classes-epoll-4.1.77.Final.jar;C:\Users\ACER\.m2\repository\io\netty\netty-transport-native-unix-common\4.1.77.Final\netty-transport-native-unix-common-4.1.77.Final.jar;C:\Users\ACER\.m2\repository\software\amazon\awssdk\auth\2.18.11\auth-2.18.11.jar;C:\Users\ACER\.m2\repository\software\amazon\awssdk\profiles\2.18.11\profiles-2.18.11.jar;C:\Users\ACER\.m2\repository\software\amazon\eventstream\eventstream\1.0.1\eventstream-1.0.1.jar;C:\Users\ACER\.m2\repository\software\amazon\awssdk\protocol-core\2.18.11\protocol-core-2.18.11.jar;C:\Users\ACER\.m2\repository\software\amazon\awssdk\regions\2.18.11\regions-2.18.11.jar;C:\Users\ACER\.m2\repository\org\junit\jupiter\junit-jupiter-api\5.8.1\junit-jupiter-api-5.8.1.jar;C:\Users\ACER\.m2\repository\org\opentest4j\opentest4j\1.2.0\opentest4j-1.2.0.jar;C:\Users\ACER\.m2\repository\org\junit\platform\junit-platform-commons\1.8.1\junit-platform-commons-1.8.1.jar;C:\Users\ACER\.m2\repository\org\apiguardian\apiguardian-api\1.1.2\apiguardian-api-1.1.2.jar;C:\Users\ACER\.m2\repository\org\junit\jupiter\junit-jupiter-params\5.8.1\junit-jupiter-params-5.8.1.jar;C:\Users\ACER\.m2\repository\org\junit\jupiter\junit-jupiter-engine\5.8.1\junit-jupiter-engine-5.8.1.jar;C:\Users\ACER\.m2\repository\org\junit\platform\junit-platform-engine\1.8.1\junit-platform-engine-1.8.1.jar;C:\Users\ACER\.m2\repository\org\mockito\mockito-junit-jupiter\4.0.0\mockito-junit-jupiter-4.0.0.jar;C:\Users\ACER\.m2\repository\org\mockito\mockito-core\3.11.2\mockito-core-3.11.2.jar;C:\Users\ACER\.m2\repository\net\bytebuddy\byte-buddy\1.11.3\byte-buddy-1.11.3.jar;C:\Users\ACER\.m2\repository\net\bytebuddy\byte-buddy-agent\1.11.3\byte-buddy-agent-1.11.3.jar;C:\Users\ACER\.m2\repository\org\objenesis\objenesis\3.2\objenesis-3.2.jar;F:\Udacity\ProjectUdatcity\UdaSecurity\ImageSecurity\target\ImageSecurity-1.0-SNAPSHOT.jar;"/>
    <property name="java.vm.vendor" value="Oracle Corporation"/>
    <property name="sun.arch.data.model" value="64"/>
    <property name="user.variant" value=""/>
    <property name="java.vendor.url" value="https://java.oracle.com/"/>
    <property name="user.timezone" value="Asia/Bangkok"/>
    <property name="os.name" value="Windows 10"/>
    <property name="java.vm.specification.version" value="19"/>
    <property name="sun.java.launcher" value="SUN_STANDARD"/>
    <property name="user.country" value="US"/>
    <property name="sun.boot.library.path" value="C:\Program Files\Java\jdk-19\bin"/>
    <property name="sun.java.command" value="C:\Users\ACER\AppData\Local\Temp\surefire9972975259297315966\surefirebooter4995913696868035502.jar C:\Users\ACER\AppData\Local\Temp\surefire9972975259297315966 2023-05-31T20-07-31_497-jvmRun1 surefire17717039406065325359tmp surefire_014305138515994958554tmp"/>
    <property name="jdk.debug" value="release"/>
    <property name="surefire.test.class.path" value="F:\Udacity\ProjectUdatcity\UdaSecurity\SecurityService\target\test-classes;F:\Udacity\ProjectUdatcity\UdaSecurity\SecurityService\target\classes;C:\Users\ACER\.m2\repository\com\miglayout\miglayout\3.7.4\miglayout-3.7.4.jar;C:\Users\ACER\.m2\repository\com\google\guava\guava\30.1-jre\guava-30.1-jre.jar;C:\Users\ACER\.m2\repository\com\google\guava\failureaccess\1.0.1\failureaccess-1.0.1.jar;C:\Users\ACER\.m2\repository\com\google\guava\listenablefuture\9999.0-empty-to-avoid-conflict-with-guava\listenablefuture-9999.0-empty-to-avoid-conflict-with-guava.jar;C:\Users\ACER\.m2\repository\com\google\code\findbugs\jsr305\3.0.2\jsr305-3.0.2.jar;C:\Users\ACER\.m2\repository\org\checkerframework\checker-qual\3.5.0\checker-qual-3.5.0.jar;C:\Users\ACER\.m2\repository\com\google\errorprone\error_prone_annotations\2.3.4\error_prone_annotations-2.3.4.jar;C:\Users\ACER\.m2\repository\com\google\j2objc\j2objc-annotations\1.3\j2objc-annotations-1.3.jar;C:\Users\ACER\.m2\repository\com\google\code\gson\gson\2.8.9\gson-2.8.9.jar;C:\Users\ACER\.m2\repository\org\slf4j\slf4j-api\1.7.32\slf4j-api-1.7.32.jar;C:\Users\ACER\.m2\repository\software\amazon\awssdk\aws-json-protocol\2.18.11\aws-json-protocol-2.18.11.jar;C:\Users\ACER\.m2\repository\software\amazon\awssdk\aws-core\2.18.11\aws-core-2.18.11.jar;C:\Users\ACER\.m2\repository\software\amazon\awssdk\endpoints-spi\2.18.11\endpoints-spi-2.18.11.jar;C:\Users\ACER\.m2\repository\software\amazon\awssdk\sdk-core\2.18.11\sdk-core-2.18.11.jar;C:\Users\ACER\.m2\repository\org\reactivestreams\reactive-streams\1.0.3\reactive-streams-1.0.3.jar;C:\Users\ACER\.m2\repository\software\amazon\awssdk\annotations\2.18.11\annotations-2.18.11.jar;C:\Users\ACER\.m2\repository\software\amazon\awssdk\http-client-spi\2.18.11\http-client-spi-2.18.11.jar;C:\Users\ACER\.m2\repository\software\amazon\awssdk\utils\2.18.11\utils-2.18.11.jar;C:\Users\ACER\.m2\repository\software\amazon\awssdk\third-party-jackson-core\2.18.11\third-party-jackson-core-2.18.11.jar;C:\Users\ACER\.m2\repository\software\amazon\awssdk\json-utils\2.18.11\json-utils-2.18.11.jar;C:\Users\ACER\.m2\repository\software\amazon\awssdk\rekognition\2.18.11\rekognition-2.18.11.jar;C:\Users\ACER\.m2\repository\software\amazon\awssdk\metrics-spi\2.18.11\metrics-spi-2.18.11.jar;C:\Users\ACER\.m2\repository\software\amazon\awssdk\apache-client\2.18.11\apache-client-2.18.11.jar;C:\Users\ACER\.m2\repository\org\apache\httpcomponents\httpclient\4.5.13\httpclient-4.5.13.jar;C:\Users\ACER\.m2\repository\commons-logging\commons-logging\1.2\commons-logging-1.2.jar;C:\Users\ACER\.m2\repository\commons-codec\commons-codec\1.11\commons-codec-1.11.jar;C:\Users\ACER\.m2\repository\org\apache\httpcomponents\httpcore\4.4.13\httpcore-4.4.13.jar;C:\Users\ACER\.m2\repository\software\amazon\awssdk\netty-nio-client\2.18.11\netty-nio-client-2.18.11.jar;C:\Users\ACER\.m2\repository\io\netty\netty-codec-http\4.1.77.Final\netty-codec-http-4.1.77.Final.jar;C:\Users\ACER\.m2\repository\io\netty\netty-codec-http2\4.1.77.Final\netty-codec-http2-4.1.77.Final.jar;C:\Users\ACER\.m2\repository\io\netty\netty-codec\4.1.77.Final\netty-codec-4.1.77.Final.jar;C:\Users\ACER\.m2\repository\io\netty\netty-transport\4.1.77.Final\netty-transport-4.1.77.Final.jar;C:\Users\ACER\.m2\repository\io\netty\netty-resolver\4.1.77.Final\netty-resolver-4.1.77.Final.jar;C:\Users\ACER\.m2\repository\io\netty\netty-common\4.1.77.Final\netty-common-4.1.77.Final.jar;C:\Users\ACER\.m2\repository\io\netty\netty-buffer\4.1.77.Final\netty-buffer-4.1.77.Final.jar;C:\Users\ACER\.m2\repository\io\netty\netty-handler\4.1.77.Final\netty-handler-4.1.77.Final.jar;C:\Users\ACER\.m2\repository\io\netty\netty-transport-classes-epoll\4.1.77.Final\netty-transport-classes-epoll-4.1.77.Final.jar;C:\Users\ACER\.m2\repository\io\netty\netty-transport-native-unix-common\4.1.77.Final\netty-transport-native-unix-common-4.1.77.Final.jar;C:\Users\ACER\.m2\repository\software\amazon\awssdk\auth\2.18.11\auth-2.18.11.jar;C:\Users\ACER\.m2\repository\software\amazon\awssdk\profiles\2.18.11\profiles-2.18.11.jar;C:\Users\ACER\.m2\repository\software\amazon\eventstream\eventstream\1.0.1\eventstream-1.0.1.jar;C:\Users\ACER\.m2\repository\software\amazon\awssdk\protocol-core\2.18.11\protocol-core-2.18.11.jar;C:\Users\ACER\.m2\repository\software\amazon\awssdk\regions\2.18.11\regions-2.18.11.jar;C:\Users\ACER\.m2\repository\org\junit\jupiter\junit-jupiter-api\5.8.1\junit-jupiter-api-5.8.1.jar;C:\Users\ACER\.m2\repository\org\opentest4j\opentest4j\1.2.0\opentest4j-1.2.0.jar;C:\Users\ACER\.m2\repository\org\junit\platform\junit-platform-commons\1.8.1\junit-platform-commons-1.8.1.jar;C:\Users\ACER\.m2\repository\org\apiguardian\apiguardian-api\1.1.2\apiguardian-api-1.1.2.jar;C:\Users\ACER\.m2\repository\org\junit\jupiter\junit-jupiter-params\5.8.1\junit-jupiter-params-5.8.1.jar;C:\Users\ACER\.m2\repository\org\junit\jupiter\junit-jupiter-engine\5.8.1\junit-jupiter-engine-5.8.1.jar;C:\Users\ACER\.m2\repository\org\junit\platform\junit-platform-engine\1.8.1\junit-platform-engine-1.8.1.jar;C:\Users\ACER\.m2\repository\org\mockito\mockito-junit-jupiter\4.0.0\mockito-junit-jupiter-4.0.0.jar;C:\Users\ACER\.m2\repository\org\mockito\mockito-core\3.11.2\mockito-core-3.11.2.jar;C:\Users\ACER\.m2\repository\net\bytebuddy\byte-buddy\1.11.3\byte-buddy-1.11.3.jar;C:\Users\ACER\.m2\repository\net\bytebuddy\byte-buddy-agent\1.11.3\byte-buddy-agent-1.11.3.jar;C:\Users\ACER\.m2\repository\org\objenesis\objenesis\3.2\objenesis-3.2.jar;F:\Udacity\ProjectUdatcity\UdaSecurity\ImageSecurity\target\ImageSecurity-1.0-SNAPSHOT.jar;"/>
    <property name="sun.cpu.endian" value="little"/>
    <property name="user.home" value="C:\Users\ACER"/>
    <property name="user.language" value="en"/>
    <property name="java.specification.vendor" value="Oracle Corporation"/>
    <property name="java.version.date" value="2023-01-17"/>
    <property name="java.home" value="C:\Program Files\Java\jdk-19"/>
    <property name="file.separator" value="\"/>
    <property name="basedir" value="F:\Udacity\ProjectUdatcity\UdaSecurity\SecurityService"/>
    <property name="java.vm.compressedOopsMode" value="32-bit"/>
    <property name="line.separator" value="&#10;"/>
    <property name="java.vm.specification.vendor" value="Oracle Corporation"/>
    <property name="java.specification.name" value="Java Platform API Specification"/>
    <property name="surefire.real.class.path" value="C:\Users\ACER\AppData\Local\Temp\surefire9972975259297315966\surefirebooter4995913696868035502.jar"/>
    <property name="user.script" value=""/>
    <property name="sun.management.compiler" value="HotSpot 64-Bit Tiered Compilers"/>
    <property name="java.runtime.version" value="19.0.2+7-44"/>
    <property name="user.name" value="ACER"/>
    <property name="stdout.encoding" value="Cp1252"/>
    <property name="path.separator" value=";"/>
    <property name="os.version" value="10.0"/>
    <property name="java.runtime.name" value="Java(TM) SE Runtime Environment"/>
    <property name="file.encoding" value="UTF-8"/>
    <property name="java.vm.name" value="Java HotSpot(TM) 64-Bit Server VM"/>
    <property name="localRepository" value="C:\Users\ACER\.m2\repository"/>
    <property name="java.vendor.url.bug" value="https://bugreport.java.com/bugreport/"/>
    <property name="java.io.tmpdir" value="C:\Users\ACER\AppData\Local\Temp\"/>
    <property name="java.version" value="19.0.2"/>
    <property name="user.dir" value="F:\Udacity\ProjectUdatcity\UdaSecurity\SecurityService"/>
    <property name="os.arch" value="amd64"/>
    <property name="java.vm.specification.name" value="Java Virtual Machine Specification"/>
    <property name="sun.os.patch.level" value=""/>
    <property name="native.encoding" value="Cp1252"/>
    <property name="java.library.path" value="C:\Program Files\Java\jdk-19\bin;C:\WINDOWS\Sun\Java\bin;C:\WINDOWS\system32;C:\WINDOWS;C:\Program Files\Common Files\Oracle\Java\javapath;C:\WINDOWS\system32;C:\WINDOWS;C:\WINDOWS\System32\Wbem;C:\WINDOWS\System32\WindowsPowerShell\v1.0\;C:\WINDOWS\System32\OpenSSH\;C:\Program Files\dotnet\;C:\Program Files\Microsoft SQL Server\130\Tools\Binn\;C:\Program Files\PuTTY\;C:\Program Files (x86)\Yarn\bin\;C:\Program Files (x86)\HP\Common\HPDestPlgIn\;C:\Program Files (x86)\dotnet\;C:\Program Files\nodejs\;C:\Program Files\Microsoft SQL Server\150\Tools\Binn\;C:\Program Files\Microsoft SQL Server\Client SDK\ODBC\170\Tools\Binn\;C:\maven\apache-maven-3.9.1\bin;C:\Users\ACER\AppData\Local\Microsoft\WindowsApps;C:\Users\ACER\AppData\Local\Yarn\bin;C:\Users\ACER\AppData\Local\GitHubDesktop\bin;C:\Users\ACER\AppData\Local\Programs\Microsoft VS Code\bin;C:\Users\ACER\AppData\Roaming\npm;C:\Users\ACER\.dotnet\tools;C:\Program Files\JetBrains\IntelliJ IDEA 2023.1.2\bin;."/>
    <property name="java.vm.info" value="mixed mode, sharing"/>
    <property name="stderr.encoding" value="Cp1252"/>
    <property name="java.vendor" value="Oracle Corporation"/>
    <property name="java.vm.version" value="19.0.2+7-44"/>
    <property name="sun.io.unicode.encoding" value="UnicodeLittle"/>
    <property name="java.class.version" value="63.0"/>
  </properties>
  <testcase name="systemSetToNoAlarmWhenPendingAlarmAndSensorInactive" classname="com.udacity.catpoint.SecurityServiceTest" time="0.123">
    <error message="Cannot invoke &quot;com.udacity.catpoint.data.SecurityRepository.getAlarmStatus()&quot; because &quot;this.securityRepository&quot; is null" type="java.lang.NullPointerException">java.lang.NullPointerException: Cannot invoke "com.udacity.catpoint.data.SecurityRepository.getAlarmStatus()" because "this.securityRepository" is null
	at com.udacity.catpoint.SecurityServiceTest.systemSetToNoAlarmWhenPendingAlarmAndSensorInactive(SecurityServiceTest.java:78)
</error>
  </testcase>
  <testcase name="noAlarmStatusChangeWhenSensorDeactivatedFromInactive" classname="com.udacity.catpoint.SecurityServiceTest" time="0.001">
    <error message="Cannot invoke &quot;com.udacity.catpoint.data.SecurityRepository.getAlarmStatus()&quot; because &quot;this.securityRepository&quot; is null" type="java.lang.NullPointerException">java.lang.NullPointerException: Cannot invoke "com.udacity.catpoint.data.SecurityRepository.getAlarmStatus()" because "this.securityRepository" is null
	at com.udacity.catpoint.SecurityServiceTest.noAlarmStatusChangeWhenSensorDeactivatedFromInactive(SecurityServiceTest.java:141)
</error>
  </testcase>
  <testcase name="inactiveSensorsWhenSystemArmed{ArmingStatus}[1]" classname="com.udacity.catpoint.SecurityServiceTest" time="0.031">
    <error message="Cannot invoke &quot;com.udacity.catpoint.data.SecurityRepository.getAlarmStatus()&quot; because &quot;this.securityRepository&quot; is null" type="java.lang.NullPointerException">java.lang.NullPointerException: Cannot invoke "com.udacity.catpoint.data.SecurityRepository.getAlarmStatus()" because "this.securityRepository" is null
	at com.udacity.catpoint.SecurityServiceTest.inactiveSensorsWhenSystemArmed(SecurityServiceTest.java:165)
</error>
  </testcase>
  <testcase name="inactiveSensorsWhenSystemArmed{ArmingStatus}[2]" classname="com.udacity.catpoint.SecurityServiceTest" time="0.002">
    <error message="Cannot invoke &quot;com.udacity.catpoint.data.SecurityRepository.getAlarmStatus()&quot; because &quot;this.securityRepository&quot; is null" type="java.lang.NullPointerException">java.lang.NullPointerException: Cannot invoke "com.udacity.catpoint.data.SecurityRepository.getAlarmStatus()" because "this.securityRepository" is null
	at com.udacity.catpoint.SecurityServiceTest.inactiveSensorsWhenSystemArmed(SecurityServiceTest.java:165)
</error>
  </testcase>
  <testcase name="systemSetToAlarmStatusWhenArmedAndSensorActivatedInPendingAlarm" classname="com.udacity.catpoint.SecurityServiceTest" time="0.001">
    <error message="Cannot invoke &quot;com.udacity.catpoint.data.SecurityRepository.getArmingStatus()&quot; because &quot;this.securityRepository&quot; is null" type="java.lang.NullPointerException">java.lang.NullPointerException: Cannot invoke "com.udacity.catpoint.data.SecurityRepository.getArmingStatus()" because "this.securityRepository" is null
	at com.udacity.catpoint.SecurityServiceTest.systemSetToAlarmStatusWhenArmedAndSensorActivatedInPendingAlarm(SecurityServiceTest.java:68)
</error>
  </testcase>
  <testcase name="alarmStatusChangeWhenSystemHasCatAndArmedHome" classname="com.udacity.catpoint.SecurityServiceTest" time="0.001">
    <error message="Cannot invoke &quot;com.udacity.catpoint.data.SecurityRepository.getArmingStatus()&quot; because &quot;this.securityRepository&quot; is null" type="java.lang.NullPointerException">java.lang.NullPointerException: Cannot invoke "com.udacity.catpoint.data.SecurityRepository.getArmingStatus()" because "this.securityRepository" is null
	at com.udacity.catpoint.SecurityServiceTest.alarmStatusChangeWhenSystemHasCatAndArmedHome(SecurityServiceTest.java:199)
</error>
  </testcase>
  <testcase name="systemSetToAlarmWhenCatDetectedAndArmedHome" classname="com.udacity.catpoint.SecurityServiceTest" time="0.103">
    <error message="&#10;Misplaced or misused argument matcher detected here:&#10;&#10;-&gt; at com.udacity.catpoint.SecurityServiceTest.systemSetToAlarmWhenCatDetectedAndArmedHome(SecurityServiceTest.java:121)&#10;-&gt; at com.udacity.catpoint.SecurityServiceTest.systemSetToAlarmWhenCatDetectedAndArmedHome(SecurityServiceTest.java:121)&#10;&#10;You cannot use argument matchers outside of verification or stubbing.&#10;Examples of correct usage of argument matchers:&#10;    when(mock.get(anyInt())).thenReturn(null);&#10;    doThrow(new RuntimeException()).when(mock).someVoidMethod(anyObject());&#10;    verify(mock).someMethod(contains(&quot;foo&quot;))&#10;&#10;This message may appear after an NullPointerException if the last matcher is returning an object &#10;like any() but the stubbed method signature expect a primitive argument, in this case,&#10;use primitive alternatives.&#10;    when(mock.get(any())); // bad use, will raise NPE&#10;    when(mock.get(anyInt())); // correct usage use&#10;&#10;Also, this error might show up because you use argument matchers with methods that cannot be mocked.&#10;Following methods *cannot* be stubbed/verified: final/private/equals()/hashCode().&#10;Mocking methods declared on non-public parent classes is not supported.&#10;" type="org.mockito.exceptions.misusing.InvalidUseOfMatchersException">org.mockito.exceptions.misusing.InvalidUseOfMatchersException: 

Misplaced or misused argument matcher detected here:

-> at com.udacity.catpoint.SecurityServiceTest.systemSetToAlarmWhenCatDetectedAndArmedHome(SecurityServiceTest.java:121)
-> at com.udacity.catpoint.SecurityServiceTest.systemSetToAlarmWhenCatDetectedAndArmedHome(SecurityServiceTest.java:121)

You cannot use argument matchers outside of verification or stubbing.
Examples of correct usage of argument matchers:
    when(mock.get(anyInt())).thenReturn(null);
    doThrow(new RuntimeException()).when(mock).someVoidMethod(anyObject());
    verify(mock).someMethod(contains("foo"))

This message may appear after an NullPointerException if the last matcher is returning an object 
like any() but the stubbed method signature expect a primitive argument, in this case,
use primitive alternatives.
    when(mock.get(any())); // bad use, will raise NPE
    when(mock.get(anyInt())); // correct usage use

Also, this error might show up because you use argument matchers with methods that cannot be mocked.
Following methods *cannot* be stubbed/verified: final/private/equals()/hashCode().
Mocking methods declared on non-public parent classes is not supported.

	at com.udacity.catpoint.SecurityServiceTest.systemSetToAlarmWhenCatDetectedAndArmedHome(SecurityServiceTest.java:121)
</error>
  </testcase>
  <testcase name="noAlarmStatusWhenNoCatDetected" classname="com.udacity.catpoint.SecurityServiceTest" time="0.003">
    <error message="&#10;Misplaced or misused argument matcher detected here:&#10;&#10;-&gt; at com.udacity.catpoint.SecurityServiceTest.noAlarmStatusWhenNoCatDetected(SecurityServiceTest.java:153)&#10;-&gt; at com.udacity.catpoint.SecurityServiceTest.noAlarmStatusWhenNoCatDetected(SecurityServiceTest.java:153)&#10;&#10;You cannot use argument matchers outside of verification or stubbing.&#10;Examples of correct usage of argument matchers:&#10;    when(mock.get(anyInt())).thenReturn(null);&#10;    doThrow(new RuntimeException()).when(mock).someVoidMethod(anyObject());&#10;    verify(mock).someMethod(contains(&quot;foo&quot;))&#10;&#10;This message may appear after an NullPointerException if the last matcher is returning an object &#10;like any() but the stubbed method signature expect a primitive argument, in this case,&#10;use primitive alternatives.&#10;    when(mock.get(any())); // bad use, will raise NPE&#10;    when(mock.get(anyInt())); // correct usage use&#10;&#10;Also, this error might show up because you use argument matchers with methods that cannot be mocked.&#10;Following methods *cannot* be stubbed/verified: final/private/equals()/hashCode().&#10;Mocking methods declared on non-public parent classes is not supported.&#10;" type="org.mockito.exceptions.misusing.InvalidUseOfMatchersException">org.mockito.exceptions.misusing.InvalidUseOfMatchersException: 

Misplaced or misused argument matcher detected here:

-> at com.udacity.catpoint.SecurityServiceTest.noAlarmStatusWhenNoCatDetected(SecurityServiceTest.java:153)
-> at com.udacity.catpoint.SecurityServiceTest.noAlarmStatusWhenNoCatDetected(SecurityServiceTest.java:153)

You cannot use argument matchers outside of verification or stubbing.
Examples of correct usage of argument matchers:
    when(mock.get(anyInt())).thenReturn(null);
    doThrow(new RuntimeException()).when(mock).someVoidMethod(anyObject());
    verify(mock).someMethod(contains("foo"))

This message may appear after an NullPointerException if the last matcher is returning an object 
like any() but the stubbed method signature expect a primitive argument, in this case,
use primitive alternatives.
    when(mock.get(any())); // bad use, will raise NPE
    when(mock.get(anyInt())); // correct usage use

Also, this error might show up because you use argument matchers with methods that cannot be mocked.
Following methods *cannot* be stubbed/verified: final/private/equals()/hashCode().
Mocking methods declared on non-public parent classes is not supported.

	at com.udacity.catpoint.SecurityServiceTest.noAlarmStatusWhenNoCatDetected(SecurityServiceTest.java:153)
</error>
  </testcase>
  <testcase name="alarmStatusChangedWhenCatDetectedOnArmedHome" classname="com.udacity.catpoint.SecurityServiceTest" time="0.002">
    <error message="&#10;Misplaced or misused argument matcher detected here:&#10;&#10;-&gt; at com.udacity.catpoint.SecurityServiceTest.alarmStatusChangedWhenCatDetectedOnArmedHome(SecurityServiceTest.java:131)&#10;-&gt; at com.udacity.catpoint.SecurityServiceTest.alarmStatusChangedWhenCatDetectedOnArmedHome(SecurityServiceTest.java:131)&#10;&#10;You cannot use argument matchers outside of verification or stubbing.&#10;Examples of correct usage of argument matchers:&#10;    when(mock.get(anyInt())).thenReturn(null);&#10;    doThrow(new RuntimeException()).when(mock).someVoidMethod(anyObject());&#10;    verify(mock).someMethod(contains(&quot;foo&quot;))&#10;&#10;This message may appear after an NullPointerException if the last matcher is returning an object &#10;like any() but the stubbed method signature expect a primitive argument, in this case,&#10;use primitive alternatives.&#10;    when(mock.get(any())); // bad use, will raise NPE&#10;    when(mock.get(anyInt())); // correct usage use&#10;&#10;Also, this error might show up because you use argument matchers with methods that cannot be mocked.&#10;Following methods *cannot* be stubbed/verified: final/private/equals()/hashCode().&#10;Mocking methods declared on non-public parent classes is not supported.&#10;" type="org.mockito.exceptions.misusing.InvalidUseOfMatchersException">org.mockito.exceptions.misusing.InvalidUseOfMatchersException: 

Misplaced or misused argument matcher detected here:

-> at com.udacity.catpoint.SecurityServiceTest.alarmStatusChangedWhenCatDetectedOnArmedHome(SecurityServiceTest.java:131)
-> at com.udacity.catpoint.SecurityServiceTest.alarmStatusChangedWhenCatDetectedOnArmedHome(SecurityServiceTest.java:131)

You cannot use argument matchers outside of verification or stubbing.
Examples of correct usage of argument matchers:
    when(mock.get(anyInt())).thenReturn(null);
    doThrow(new RuntimeException()).when(mock).someVoidMethod(anyObject());
    verify(mock).someMethod(contains("foo"))

This message may appear after an NullPointerException if the last matcher is returning an object 
like any() but the stubbed method signature expect a primitive argument, in this case,
use primitive alternatives.
    when(mock.get(any())); // bad use, will raise NPE
    when(mock.get(anyInt())); // correct usage use

Also, this error might show up because you use argument matchers with methods that cannot be mocked.
Following methods *cannot* be stubbed/verified: final/private/equals()/hashCode().
Mocking methods declared on non-public parent classes is not supported.

	at com.udacity.catpoint.SecurityServiceTest.alarmStatusChangedWhenCatDetectedOnArmedHome(SecurityServiceTest.java:131)
</error>
  </testcase>
  <testcase name="systemInPendingAlarmStatusWhenArmedAndSensorActivated" classname="com.udacity.catpoint.SecurityServiceTest" time="0.001">
    <error message="Cannot invoke &quot;com.udacity.catpoint.data.SecurityRepository.getArmingStatus()&quot; because &quot;this.securityRepository&quot; is null" type="java.lang.NullPointerException">java.lang.NullPointerException: Cannot invoke "com.udacity.catpoint.data.SecurityRepository.getArmingStatus()" because "this.securityRepository" is null
	at com.udacity.catpoint.SecurityServiceTest.systemInPendingAlarmStatusWhenArmedAndSensorActivated(SecurityServiceTest.java:58)
</error>
  </testcase>
  <testcase name="systemSetToAlarmWhenSensorActivatedAndPendingAlarm" classname="com.udacity.catpoint.SecurityServiceTest" time="0.001">
    <error message="Cannot invoke &quot;com.udacity.catpoint.data.SecurityRepository.getAlarmStatus()&quot; because &quot;this.securityRepository&quot; is null" type="java.lang.NullPointerException">java.lang.NullPointerException: Cannot invoke "com.udacity.catpoint.data.SecurityRepository.getAlarmStatus()" because "this.securityRepository" is null
	at com.udacity.catpoint.SecurityServiceTest.systemSetToAlarmWhenSensorActivatedAndPendingAlarm(SecurityServiceTest.java:110)
</error>
  </testcase>
  <testcase name="alarmStatusChangeWhenSystemHasCatAndArmed" classname="com.udacity.catpoint.SecurityServiceTest" time="0.002">
    <error message="&#10;Misplaced or misused argument matcher detected here:&#10;&#10;-&gt; at com.udacity.catpoint.SecurityServiceTest.alarmStatusChangeWhenSystemHasCatAndArmed(SecurityServiceTest.java:178)&#10;-&gt; at com.udacity.catpoint.SecurityServiceTest.alarmStatusChangeWhenSystemHasCatAndArmed(SecurityServiceTest.java:178)&#10;&#10;You cannot use argument matchers outside of verification or stubbing.&#10;Examples of correct usage of argument matchers:&#10;    when(mock.get(anyInt())).thenReturn(null);&#10;    doThrow(new RuntimeException()).when(mock).someVoidMethod(anyObject());&#10;    verify(mock).someMethod(contains(&quot;foo&quot;))&#10;&#10;This message may appear after an NullPointerException if the last matcher is returning an object &#10;like any() but the stubbed method signature expect a primitive argument, in this case,&#10;use primitive alternatives.&#10;    when(mock.get(any())); // bad use, will raise NPE&#10;    when(mock.get(anyInt())); // correct usage use&#10;&#10;Also, this error might show up because you use argument matchers with methods that cannot be mocked.&#10;Following methods *cannot* be stubbed/verified: final/private/equals()/hashCode().&#10;Mocking methods declared on non-public parent classes is not supported.&#10;" type="org.mockito.exceptions.misusing.InvalidUseOfMatchersException">org.mockito.exceptions.misusing.InvalidUseOfMatchersException: 

Misplaced or misused argument matcher detected here:

-> at com.udacity.catpoint.SecurityServiceTest.alarmStatusChangeWhenSystemHasCatAndArmed(SecurityServiceTest.java:178)
-> at com.udacity.catpoint.SecurityServiceTest.alarmStatusChangeWhenSystemHasCatAndArmed(SecurityServiceTest.java:178)

You cannot use argument matchers outside of verification or stubbing.
Examples of correct usage of argument matchers:
    when(mock.get(anyInt())).thenReturn(null);
    doThrow(new RuntimeException()).when(mock).someVoidMethod(anyObject());
    verify(mock).someMethod(contains("foo"))

This message may appear after an NullPointerException if the last matcher is returning an object 
like any() but the stubbed method signature expect a primitive argument, in this case,
use primitive alternatives.
    when(mock.get(any())); // bad use, will raise NPE
    when(mock.get(anyInt())); // correct usage use

Also, this error might show up because you use argument matchers with methods that cannot be mocked.
Following methods *cannot* be stubbed/verified: final/private/equals()/hashCode().
Mocking methods declared on non-public parent classes is not supported.

	at com.udacity.catpoint.SecurityServiceTest.alarmStatusChangeWhenSystemHasCatAndArmed(SecurityServiceTest.java:178)
</error>
  </testcase>
  <testcase name="noAlarmStatusChangeWhenAlarmActiveAndSensorChanged" classname="com.udacity.catpoint.SecurityServiceTest" time="0.004">
    <error message="Cannot invoke &quot;com.udacity.catpoint.data.SecurityRepository.getAlarmStatus()&quot; because &quot;this.securityRepository&quot; is null" type="java.lang.NullPointerException">java.lang.NullPointerException: Cannot invoke "com.udacity.catpoint.data.SecurityRepository.getAlarmStatus()" because "this.securityRepository" is null
	at com.udacity.catpoint.SecurityServiceTest.noAlarmStatusChangeWhenAlarmActiveAndSensorChanged(SecurityServiceTest.java:98)
</error>
  </testcase>
  <testcase name="whenSystemIsDisarmedThenSetNoAlarmStatus" classname="com.udacity.catpoint.SecurityServiceTest" time="0.002">
    <error message="Cannot invoke &quot;com.udacity.catpoint.data.SecurityRepository.setAlarmStatus(com.udacity.catpoint.data.AlarmStatus)&quot; because &quot;this.securityRepository&quot; is null" type="java.lang.NullPointerException">java.lang.NullPointerException: Cannot invoke "com.udacity.catpoint.data.SecurityRepository.setAlarmStatus(com.udacity.catpoint.data.AlarmStatus)" because "this.securityRepository" is null
	at com.udacity.catpoint.SecurityServiceTest.whenSystemIsDisarmedThenSetNoAlarmStatus(SecurityServiceTest.java:91)
</error>
  </testcase>
  <testcase name="sensorActivationWhenArmingStatusDisarmed{AlarmStatus}[1]" classname="com.udacity.catpoint.SecurityServiceTest" time="0.002">
    <error message="Cannot invoke &quot;com.udacity.catpoint.data.SecurityRepository.getArmingStatus()&quot; because &quot;this.securityRepository&quot; is null" type="java.lang.NullPointerException">java.lang.NullPointerException: Cannot invoke "com.udacity.catpoint.data.SecurityRepository.getArmingStatus()" because "this.securityRepository" is null
	at com.udacity.catpoint.SecurityServiceTest.sensorActivationWhenArmingStatusDisarmed(SecurityServiceTest.java:189)
</error>
  </testcase>
  <testcase name="sensorActivationWhenArmingStatusDisarmed{AlarmStatus}[2]" classname="com.udacity.catpoint.SecurityServiceTest" time="0.001">
    <error message="Cannot invoke &quot;com.udacity.catpoint.data.SecurityRepository.getArmingStatus()&quot; because &quot;this.securityRepository&quot; is null" type="java.lang.NullPointerException">java.lang.NullPointerException: Cannot invoke "com.udacity.catpoint.data.SecurityRepository.getArmingStatus()" because "this.securityRepository" is null
	at com.udacity.catpoint.SecurityServiceTest.sensorActivationWhenArmingStatusDisarmed(SecurityServiceTest.java:189)
</error>
  </testcase>
</testsuite>